<?xml version="1.0" encoding="UTF-8"?>
<testsuite xmlns:xsi="http://www.w3.org/2001/XMLSchema-instance" xsi:noNamespaceSchemaLocation="https://maven.apache.org/surefire/maven-surefire-plugin/xsd/surefire-test-report-3.0.xsd" version="3.0" name="com.universidad.proyecto.gateway.CatalogApiGatewayApplicationTests" time="6.277" tests="1" errors="0" skipped="0" failures="0">
  <properties>
[...]
</properties>
  <testcase name="contextLoads" classname="com.universidad.proyecto.gateway.CatalogApiGatewayApplicationTests" time="0.958">
    <system-out><![CDATA[21:36:39.018 [main] INFO org.springframework.test.context.support.AnnotationConfigContextLoaderUtils -- Could not detect default configuration classes for test class [com.universidad.proyecto.gateway.CatalogApiGatewayApplicationTests]: CatalogApiGatewayApplicationTests does not declare any static, non-private, non-final, nested classes annotated with @Configuration.
21:36:39.148 [main] INFO org.springframework.boot.test.context.SpringBootTestContextBootstrapper -- Found @SpringBootConfiguration com.universidad.proyecto.gateway.CatalogApiGatewayApplication for test class com.universidad.proyecto.gateway.CatalogApiGatewayApplicationTests

  .   ____          _            __ _ _
 /\\ / ___'_ __ _ _(_)_ __  __ _ \ \ \ \
( ( )\___ | '_ | '_| | '_ \/ _` | \ \ \ \
 \\/  ___)| |_)| | | | | || (_| |  ) ) ) )
  '  |____| .__|_| |_|_| |_\__, | / / / /
 =========|_|==============|___/=/_/_/_/
 :: Spring Boot ::                (v3.2.2)

2026-02-24T21:36:39.912-05:00  INFO 2500 --- [catalog-api-gateway] [           main] .u.p.g.CatalogApiGatewayApplicationTests : Starting CatalogApiGatewayApplicationTests using Java 21.0.10 with PID 2500 (started by manue in C:\Users\manue\IdeaProjects\catalog-api-gateway)
2026-02-24T21:36:39.914-05:00  INFO 2500 --- [catalog-api-gateway] [           main] .u.p.g.CatalogApiGatewayApplicationTests : No active profile set, falling back to 1 default profile: "default"
2026-02-24T21:36:41.765-05:00  INFO 2500 --- [catalog-api-gateway] [           main] o.s.cloud.context.scope.GenericScope     : BeanFactory id=ab405be2-3077-36c7-ad9d-432b47a11765
2026-02-24T21:36:43.226-05:00  INFO 2500 --- [catalog-api-gateway] [           main] o.s.c.g.r.RouteDefinitionRouteLocator    : Loaded RoutePredicateFactory [After]
2026-02-24T21:36:43.226-05:00  INFO 2500 --- [catalog-api-gateway] [           main] o.s.c.g.r.RouteDefinitionRouteLocator    : Loaded RoutePredicateFactory [Before]
2026-02-24T21:36:43.226-05:00  INFO 2500 --- [catalog-api-gateway] [           main] o.s.c.g.r.RouteDefinitionRouteLocator    : Loaded RoutePredicateFactory [Between]
2026-02-24T21:36:43.226-05:00  INFO 2500 --- [catalog-api-gateway] [           main] o.s.c.g.r.RouteDefinitionRouteLocator    : Loaded RoutePredicateFactory [Cookie]
2026-02-24T21:36:43.226-05:00  INFO 2500 --- [catalog-api-gateway] [           main] o.s.c.g.r.RouteDefinitionRouteLocator    : Loaded RoutePredicateFactory [Header]
2026-02-24T21:36:43.226-05:00  INFO 2500 --- [catalog-api-gateway] [           main] o.s.c.g.r.RouteDefinitionRouteLocator    : Loaded RoutePredicateFactory [Host]
2026-02-24T21:36:43.226-05:00  INFO 2500 --- [catalog-api-gateway] [           main] o.s.c.g.r.RouteDefinitionRouteLocator    : Loaded RoutePredicateFactory [Method]
2026-02-24T21:36:43.226-05:00  INFO 2500 --- [catalog-api-gateway] [           main] o.s.c.g.r.RouteDefinitionRouteLocator    : Loaded RoutePredicateFactory [Path]
2026-02-24T21:36:43.226-05:00  INFO 2500 --- [catalog-api-gateway] [           main] o.s.c.g.r.RouteDefinitionRouteLocator    : Loaded RoutePredicateFactory [Query]
2026-02-24T21:36:43.226-05:00  INFO 2500 --- [catalog-api-gateway] [           main] o.s.c.g.r.RouteDefinitionRouteLocator    : Loaded RoutePredicateFactory [ReadBody]
2026-02-24T21:36:43.226-05:00  INFO 2500 --- [catalog-api-gateway] [           main] o.s.c.g.r.RouteDefinitionRouteLocator    : Loaded RoutePredicateFactory [RemoteAddr]
2026-02-24T21:36:43.226-05:00  INFO 2500 --- [catalog-api-gateway] [           main] o.s.c.g.r.RouteDefinitionRouteLocator    : Loaded RoutePredicateFactory [XForwardedRemoteAddr]
2026-02-24T21:36:43.226-05:00  INFO 2500 --- [catalog-api-gateway] [           main] o.s.c.g.r.RouteDefinitionRouteLocator    : Loaded RoutePredicateFactory [Weight]
2026-02-24T21:36:43.229-05:00  INFO 2500 --- [catalog-api-gateway] [           main] o.s.c.g.r.RouteDefinitionRouteLocator    : Loaded RoutePredicateFactory [CloudFoundryRouteService]
2026-02-24T21:36:43.643-05:00  INFO 2500 --- [catalog-api-gateway] [           main] o.s.b.a.e.web.EndpointLinksResolver      : Exposing 1 endpoint(s) beneath base path '/actuator'
2026-02-24T21:36:44.092-05:00  INFO 2500 --- [catalog-api-gateway] [           main] .u.p.g.CatalogApiGatewayApplicationTests : Started CatalogApiGatewayApplicationTests in 4.736 seconds (process running for 6.064)
]]></system-out>
    <system-err><![CDATA[WARNING: A Java agent has been loaded dynamically (C:\Users\manue\.m2\repository\net\bytebuddy\byte-buddy-agent\1.14.11\byte-buddy-agent-1.14.11.jar)
WARNING: If a serviceability tool is in use, please run with -XX:+EnableDynamicAgentLoading to hide this warning
WARNING: If a serviceability tool is not in use, please run with -Djdk.instrument.traceUsage for more information
WARNING: Dynamic loading of agents will be disallowed by default in a future release
]]></system-err>
  </testcase>
</testsuite>